2020-09-30 08:55:01 INFO  Sunucu:28 - Sunucu hazir, istemci bekleniyor...
2020-10-01 08:33:47 ERROR Istemci:79 - Mesaj teslim edilirken hata olustu
java.io.NotSerializableException: Mesaj
	at java.base/java.io.ObjectOutputStream.writeObject0(ObjectOutputStream.java:1185)
	at java.base/java.io.ObjectOutputStream.writeObject(ObjectOutputStream.java:349)
	at Istemci.teslimEt(Istemci.java:76)
	at Istemci.calistir(Istemci.java:55)
	at Istemci.main(Istemci.java:47)
2020-10-01 08:33:47 ERROR Sunucu:118 - Mesaj teslim alinirken hata olustu
java.io.WriteAbortedException: writing aborted; java.io.NotSerializableException: Mesaj
	at java.base/java.io.ObjectInputStream.readObject0(ObjectInputStream.java:1675)
	at java.base/java.io.ObjectInputStream.readObject(ObjectInputStream.java:482)
	at java.base/java.io.ObjectInputStream.readObject(ObjectInputStream.java:440)
	at Sunucu.teslimAl(Sunucu.java:114)
	at Sunucu.calistir(Sunucu.java:56)
	at Sunucu.main(Sunucu.java:49)
Caused by: java.io.NotSerializableException: Mesaj
	at java.base/java.io.ObjectOutputStream.writeObject0(ObjectOutputStream.java:1185)
	at java.base/java.io.ObjectOutputStream.writeObject(ObjectOutputStream.java:349)
	at Istemci.teslimEt(Istemci.java:76)
	at Istemci.calistir(Istemci.java:55)
	at Istemci.main(Istemci.java:47)
2020-10-01 08:33:48 ERROR Istemci:95 - Mesaj teslim alinirken hata olustu
java.net.SocketException: Connection reset
	at java.base/java.net.SocketInputStream.read(SocketInputStream.java:186)
	at java.base/java.net.SocketInputStream.read(SocketInputStream.java:140)
	at java.base/java.net.SocketInputStream.read(SocketInputStream.java:200)
	at java.base/java.io.ObjectInputStream$PeekInputStream.peek(ObjectInputStream.java:2802)
	at java.base/java.io.ObjectInputStream$BlockDataInputStream.peek(ObjectInputStream.java:3129)
	at java.base/java.io.ObjectInputStream$BlockDataInputStream.peekByte(ObjectInputStream.java:3139)
	at java.base/java.io.ObjectInputStream.readObject0(ObjectInputStream.java:1619)
	at java.base/java.io.ObjectInputStream.readObject(ObjectInputStream.java:482)
	at java.base/java.io.ObjectInputStream.readObject(ObjectInputStream.java:440)
	at Istemci.teslimAl(Istemci.java:91)
	at Istemci.calistir(Istemci.java:57)
	at Istemci.main(Istemci.java:47)
2020-10-01 10:29:06 ERROR Istemci:34 - Sunucu ile baglanti kurulurken hata olustu
java.net.ConnectException: Connection refused: connect
	at java.base/java.net.PlainSocketImpl.connect0(Native Method)
	at java.base/java.net.PlainSocketImpl.socketConnect(PlainSocketImpl.java:101)
	at java.base/java.net.AbstractPlainSocketImpl.doConnect(AbstractPlainSocketImpl.java:399)
	at java.base/java.net.AbstractPlainSocketImpl.connectToAddress(AbstractPlainSocketImpl.java:242)
	at java.base/java.net.AbstractPlainSocketImpl.connect(AbstractPlainSocketImpl.java:224)
	at java.base/java.net.SocksSocketImpl.connect(SocksSocketImpl.java:403)
	at java.base/java.net.Socket.connect(Socket.java:609)
	at java.base/java.net.Socket.connect(Socket.java:558)
	at java.base/java.net.Socket.<init>(Socket.java:454)
	at java.base/java.net.Socket.<init>(Socket.java:231)
	at Istemci.<init>(Istemci.java:28)
	at Istemci.main(Istemci.java:48)
2020-10-01 10:30:25 ERROR Istemci:97 - Mesaj teslim alinirken hata olustu
java.net.SocketException: Connection reset
	at java.base/java.net.SocketInputStream.read(SocketInputStream.java:186)
	at java.base/java.net.SocketInputStream.read(SocketInputStream.java:140)
	at java.base/java.io.BufferedInputStream.fill(BufferedInputStream.java:252)
	at java.base/java.io.BufferedInputStream.read(BufferedInputStream.java:271)
	at java.base/java.io.DataInputStream.readUnsignedShort(DataInputStream.java:342)
	at java.base/java.io.DataInputStream.readUTF(DataInputStream.java:594)
	at java.base/java.io.DataInputStream.readUTF(DataInputStream.java:569)
	at Istemci.teslimAl(Istemci.java:93)
	at Istemci.calistir(Istemci.java:59)
	at Istemci.main(Istemci.java:49)
2020-10-01 10:32:05 ERROR Istemci:97 - Mesaj teslim alinirken hata olustu
java.net.SocketException: Connection reset
	at java.base/java.net.SocketInputStream.read(SocketInputStream.java:186)
	at java.base/java.net.SocketInputStream.read(SocketInputStream.java:140)
	at java.base/java.io.BufferedInputStream.fill(BufferedInputStream.java:252)
	at java.base/java.io.BufferedInputStream.read(BufferedInputStream.java:271)
	at java.base/java.io.DataInputStream.readUnsignedShort(DataInputStream.java:342)
	at java.base/java.io.DataInputStream.readUTF(DataInputStream.java:594)
	at java.base/java.io.DataInputStream.readUTF(DataInputStream.java:569)
	at Istemci.teslimAl(Istemci.java:93)
	at Istemci.calistir(Istemci.java:59)
	at Istemci.main(Istemci.java:49)
2020-10-01 10:35:53 ERROR Istemci:97 - Mesaj teslim alinirken hata olustu
java.net.SocketException: Connection reset
	at java.base/java.net.SocketInputStream.read(SocketInputStream.java:186)
	at java.base/java.net.SocketInputStream.read(SocketInputStream.java:140)
	at java.base/java.io.BufferedInputStream.fill(BufferedInputStream.java:252)
	at java.base/java.io.BufferedInputStream.read(BufferedInputStream.java:271)
	at java.base/java.io.DataInputStream.readUnsignedShort(DataInputStream.java:342)
	at java.base/java.io.DataInputStream.readUTF(DataInputStream.java:594)
	at java.base/java.io.DataInputStream.readUTF(DataInputStream.java:569)
	at Istemci.teslimAl(Istemci.java:93)
	at Istemci.calistir(Istemci.java:59)
	at Istemci.main(Istemci.java:49)
2020-10-01 11:21:32 ERROR Istemci:98 - Mesaj teslim alinirken hata olustu
java.net.SocketException: Connection reset
	at java.base/java.net.SocketInputStream.read(SocketInputStream.java:186)
	at java.base/java.net.SocketInputStream.read(SocketInputStream.java:140)
	at java.base/java.io.BufferedInputStream.fill(BufferedInputStream.java:252)
	at java.base/java.io.BufferedInputStream.read(BufferedInputStream.java:271)
	at java.base/java.io.DataInputStream.readUnsignedShort(DataInputStream.java:342)
	at java.base/java.io.DataInputStream.readUTF(DataInputStream.java:594)
	at java.base/java.io.DataInputStream.readUTF(DataInputStream.java:569)
	at Istemci.teslimAl(Istemci.java:94)
	at Istemci.calistir(Istemci.java:60)
	at Istemci.main(Istemci.java:49)
2020-10-01 11:21:59 ERROR Istemci:98 - Mesaj teslim alinirken hata olustu
java.net.SocketException: Connection reset
	at java.base/java.net.SocketInputStream.read(SocketInputStream.java:186)
	at java.base/java.net.SocketInputStream.read(SocketInputStream.java:140)
	at java.base/java.io.BufferedInputStream.fill(BufferedInputStream.java:252)
	at java.base/java.io.BufferedInputStream.read(BufferedInputStream.java:271)
	at java.base/java.io.DataInputStream.readUnsignedShort(DataInputStream.java:342)
	at java.base/java.io.DataInputStream.readUTF(DataInputStream.java:594)
	at java.base/java.io.DataInputStream.readUTF(DataInputStream.java:569)
	at Istemci.teslimAl(Istemci.java:94)
	at Istemci.calistir(Istemci.java:60)
	at Istemci.main(Istemci.java:49)
2020-10-01 11:33:01 ERROR Sunucu:126 - Mesaj teslim alinirken hata olustu
java.net.SocketException: Connection reset
	at java.base/java.net.SocketInputStream.read(SocketInputStream.java:186)
	at java.base/java.net.SocketInputStream.read(SocketInputStream.java:140)
	at java.base/java.io.BufferedInputStream.fill(BufferedInputStream.java:252)
	at java.base/java.io.BufferedInputStream.read(BufferedInputStream.java:271)
	at java.base/java.io.DataInputStream.readUnsignedShort(DataInputStream.java:342)
	at java.base/java.io.DataInputStream.readUTF(DataInputStream.java:594)
	at java.base/java.io.DataInputStream.readUTF(DataInputStream.java:569)
	at Sunucu.teslimAl(Sunucu.java:122)
	at Sunucu.calistir(Sunucu.java:62)
	at Sunucu.main(Sunucu.java:55)
2020-10-01 11:40:35 ERROR Istemci:98 - Mesaj teslim alinirken hata olustu
java.net.SocketException: Connection reset
	at java.base/java.net.SocketInputStream.read(SocketInputStream.java:186)
	at java.base/java.net.SocketInputStream.read(SocketInputStream.java:140)
	at java.base/java.io.BufferedInputStream.fill(BufferedInputStream.java:252)
	at java.base/java.io.BufferedInputStream.read(BufferedInputStream.java:271)
	at java.base/java.io.DataInputStream.readUnsignedShort(DataInputStream.java:342)
	at java.base/java.io.DataInputStream.readUTF(DataInputStream.java:594)
	at java.base/java.io.DataInputStream.readUTF(DataInputStream.java:569)
	at Istemci.teslimAl(Istemci.java:94)
	at Istemci.calistir(Istemci.java:60)
	at Istemci.main(Istemci.java:49)
2020-10-01 11:41:38 ERROR Istemci:98 - Mesaj teslim alinirken hata olustu
java.net.SocketException: Connection reset
	at java.base/java.net.SocketInputStream.read(SocketInputStream.java:186)
	at java.base/java.net.SocketInputStream.read(SocketInputStream.java:140)
	at java.base/java.io.BufferedInputStream.fill(BufferedInputStream.java:252)
	at java.base/java.io.BufferedInputStream.read(BufferedInputStream.java:271)
	at java.base/java.io.DataInputStream.readUnsignedShort(DataInputStream.java:342)
	at java.base/java.io.DataInputStream.readUTF(DataInputStream.java:594)
	at java.base/java.io.DataInputStream.readUTF(DataInputStream.java:569)
	at Istemci.teslimAl(Istemci.java:94)
	at Istemci.calistir(Istemci.java:60)
	at Istemci.main(Istemci.java:49)
2020-10-01 11:43:56 ERROR Sunucu:94 - Dosya yazilirken hata olustu
java.io.NotSerializableException: Mesaj
	at java.base/java.io.ObjectOutputStream.writeObject0(ObjectOutputStream.java:1185)
	at java.base/java.io.ObjectOutputStream.writeObject(ObjectOutputStream.java:349)
	at Sunucu.kaydet(Sunucu.java:88)
	at Sunucu.calistir(Sunucu.java:62)
	at Sunucu.main(Sunucu.java:53)
2020-10-01 11:46:07 ERROR Sunucu:96 - Dosya yazilirken hata olustu
java.io.NotSerializableException: Mesaj
	at java.base/java.io.ObjectOutputStream.writeObject0(ObjectOutputStream.java:1185)
	at java.base/java.io.ObjectOutputStream.writeObject(ObjectOutputStream.java:349)
	at Sunucu.kaydet(Sunucu.java:90)
	at Sunucu.calistir(Sunucu.java:62)
	at Sunucu.main(Sunucu.java:53)
2020-10-01 11:48:16 ERROR Istemci:34 - Sunucu ile baglanti kurulurken hata olustu
java.net.ConnectException: Connection refused: connect
	at java.base/java.net.PlainSocketImpl.connect0(Native Method)
	at java.base/java.net.PlainSocketImpl.socketConnect(PlainSocketImpl.java:101)
	at java.base/java.net.AbstractPlainSocketImpl.doConnect(AbstractPlainSocketImpl.java:399)
	at java.base/java.net.AbstractPlainSocketImpl.connectToAddress(AbstractPlainSocketImpl.java:242)
	at java.base/java.net.AbstractPlainSocketImpl.connect(AbstractPlainSocketImpl.java:224)
	at java.base/java.net.SocksSocketImpl.connect(SocksSocketImpl.java:403)
	at java.base/java.net.Socket.connect(Socket.java:609)
	at java.base/java.net.Socket.connect(Socket.java:558)
	at java.base/java.net.Socket.<init>(Socket.java:454)
	at java.base/java.net.Socket.<init>(Socket.java:231)
	at Istemci.<init>(Istemci.java:28)
	at Istemci.main(Istemci.java:48)
2020-10-01 11:48:20 ERROR Istemci:34 - Sunucu ile baglanti kurulurken hata olustu
java.net.ConnectException: Connection refused: connect
	at java.base/java.net.PlainSocketImpl.connect0(Native Method)
	at java.base/java.net.PlainSocketImpl.socketConnect(PlainSocketImpl.java:101)
	at java.base/java.net.AbstractPlainSocketImpl.doConnect(AbstractPlainSocketImpl.java:399)
	at java.base/java.net.AbstractPlainSocketImpl.connectToAddress(AbstractPlainSocketImpl.java:242)
	at java.base/java.net.AbstractPlainSocketImpl.connect(AbstractPlainSocketImpl.java:224)
	at java.base/java.net.SocksSocketImpl.connect(SocksSocketImpl.java:403)
	at java.base/java.net.Socket.connect(Socket.java:609)
	at java.base/java.net.Socket.connect(Socket.java:558)
	at java.base/java.net.Socket.<init>(Socket.java:454)
	at java.base/java.net.Socket.<init>(Socket.java:231)
	at Istemci.<init>(Istemci.java:28)
	at Istemci.main(Istemci.java:48)
2020-10-02 09:18:37 ERROR Istemci:96 - Mesaj teslim alinirken hata olustu
java.net.SocketException: Connection reset
	at java.base/java.net.SocketInputStream.read(SocketInputStream.java:186)
	at java.base/java.net.SocketInputStream.read(SocketInputStream.java:140)
	at java.base/java.net.SocketInputStream.read(SocketInputStream.java:200)
	at java.base/java.io.DataInputStream.readUnsignedShort(DataInputStream.java:342)
	at java.base/java.io.DataInputStream.readUTF(DataInputStream.java:594)
	at java.base/java.io.DataInputStream.readUTF(DataInputStream.java:569)
	at Istemci.teslimAl(Istemci.java:92)
	at Istemci.calistir(Istemci.java:58)
	at Istemci.main(Istemci.java:47)
2020-10-02 09:19:48 ERROR Istemci:96 - Mesaj teslim alinirken hata olustu
java.net.SocketException: Connection reset
	at java.base/java.net.SocketInputStream.read(SocketInputStream.java:186)
	at java.base/java.net.SocketInputStream.read(SocketInputStream.java:140)
	at java.base/java.net.SocketInputStream.read(SocketInputStream.java:200)
	at java.base/java.io.DataInputStream.readUnsignedShort(DataInputStream.java:342)
	at java.base/java.io.DataInputStream.readUTF(DataInputStream.java:594)
	at java.base/java.io.DataInputStream.readUTF(DataInputStream.java:569)
	at Istemci.teslimAl(Istemci.java:92)
	at Istemci.calistir(Istemci.java:58)
	at Istemci.main(Istemci.java:47)
2020-10-02 09:23:06 ERROR Istemci:96 - Mesaj teslim alinirken hata olustu
java.net.SocketException: Connection reset
	at java.base/java.net.SocketInputStream.read(SocketInputStream.java:186)
	at java.base/java.net.SocketInputStream.read(SocketInputStream.java:140)
	at java.base/java.net.SocketInputStream.read(SocketInputStream.java:200)
	at java.base/java.io.DataInputStream.readUnsignedShort(DataInputStream.java:342)
	at java.base/java.io.DataInputStream.readUTF(DataInputStream.java:594)
	at java.base/java.io.DataInputStream.readUTF(DataInputStream.java:569)
	at Istemci.teslimAl(Istemci.java:92)
	at Istemci.calistir(Istemci.java:58)
	at Istemci.main(Istemci.java:47)
2020-10-02 09:25:06 ERROR Istemci:96 - Mesaj teslim alinirken hata olustu
java.net.SocketException: Connection reset
	at java.base/java.net.SocketInputStream.read(SocketInputStream.java:186)
	at java.base/java.net.SocketInputStream.read(SocketInputStream.java:140)
	at java.base/java.net.SocketInputStream.read(SocketInputStream.java:200)
	at java.base/java.io.DataInputStream.readUnsignedShort(DataInputStream.java:342)
	at java.base/java.io.DataInputStream.readUTF(DataInputStream.java:594)
	at java.base/java.io.DataInputStream.readUTF(DataInputStream.java:569)
	at Istemci.teslimAl(Istemci.java:92)
	at Istemci.calistir(Istemci.java:58)
	at Istemci.main(Istemci.java:47)
2020-10-02 09:27:15 ERROR Istemci:96 - Mesaj teslim alinirken hata olustu
java.net.SocketException: Connection reset
	at java.base/java.net.SocketInputStream.read(SocketInputStream.java:186)
	at java.base/java.net.SocketInputStream.read(SocketInputStream.java:140)
	at java.base/java.net.SocketInputStream.read(SocketInputStream.java:200)
	at java.base/java.io.DataInputStream.readUnsignedShort(DataInputStream.java:342)
	at java.base/java.io.DataInputStream.readUTF(DataInputStream.java:594)
	at java.base/java.io.DataInputStream.readUTF(DataInputStream.java:569)
	at Istemci.teslimAl(Istemci.java:92)
	at Istemci.calistir(Istemci.java:58)
	at Istemci.main(Istemci.java:47)
2020-10-02 09:34:40 ERROR Istemci:96 - Mesaj teslim alinirken hata olustu
java.net.SocketException: Connection reset
	at java.base/java.net.SocketInputStream.read(SocketInputStream.java:186)
	at java.base/java.net.SocketInputStream.read(SocketInputStream.java:140)
	at java.base/java.net.SocketInputStream.read(SocketInputStream.java:200)
	at java.base/java.io.DataInputStream.readUnsignedShort(DataInputStream.java:342)
	at java.base/java.io.DataInputStream.readUTF(DataInputStream.java:594)
	at java.base/java.io.DataInputStream.readUTF(DataInputStream.java:569)
	at Istemci.teslimAl(Istemci.java:92)
	at Istemci.calistir(Istemci.java:58)
	at Istemci.main(Istemci.java:47)
2020-10-02 09:37:25 ERROR Istemci:96 - Mesaj teslim alinirken hata olustu
java.net.SocketException: Connection reset
	at java.base/java.net.SocketInputStream.read(SocketInputStream.java:186)
	at java.base/java.net.SocketInputStream.read(SocketInputStream.java:140)
	at java.base/java.net.SocketInputStream.read(SocketInputStream.java:200)
	at java.base/java.io.DataInputStream.readUnsignedShort(DataInputStream.java:342)
	at java.base/java.io.DataInputStream.readUTF(DataInputStream.java:594)
	at java.base/java.io.DataInputStream.readUTF(DataInputStream.java:569)
	at Istemci.teslimAl(Istemci.java:92)
	at Istemci.calistir(Istemci.java:58)
	at Istemci.main(Istemci.java:47)
2020-10-02 09:39:10 ERROR Istemci:96 - Mesaj teslim alinirken hata olustu
java.net.SocketException: Connection reset
	at java.base/java.net.SocketInputStream.read(SocketInputStream.java:186)
	at java.base/java.net.SocketInputStream.read(SocketInputStream.java:140)
	at java.base/java.net.SocketInputStream.read(SocketInputStream.java:200)
	at java.base/java.io.DataInputStream.readUnsignedShort(DataInputStream.java:342)
	at java.base/java.io.DataInputStream.readUTF(DataInputStream.java:594)
	at java.base/java.io.DataInputStream.readUTF(DataInputStream.java:569)
	at Istemci.teslimAl(Istemci.java:92)
	at Istemci.calistir(Istemci.java:58)
	at Istemci.main(Istemci.java:47)
2020-10-02 09:39:57 ERROR Istemci:96 - Mesaj teslim alinirken hata olustu
java.net.SocketException: Connection reset
	at java.base/java.net.SocketInputStream.read(SocketInputStream.java:186)
	at java.base/java.net.SocketInputStream.read(SocketInputStream.java:140)
	at java.base/java.net.SocketInputStream.read(SocketInputStream.java:200)
	at java.base/java.io.DataInputStream.readUnsignedShort(DataInputStream.java:342)
	at java.base/java.io.DataInputStream.readUTF(DataInputStream.java:594)
	at java.base/java.io.DataInputStream.readUTF(DataInputStream.java:569)
	at Istemci.teslimAl(Istemci.java:92)
	at Istemci.calistir(Istemci.java:58)
	at Istemci.main(Istemci.java:47)
2020-10-02 09:41:00 ERROR Istemci:96 - Mesaj teslim alinirken hata olustu
java.net.SocketException: Connection reset
	at java.base/java.net.SocketInputStream.read(SocketInputStream.java:186)
	at java.base/java.net.SocketInputStream.read(SocketInputStream.java:140)
	at java.base/java.net.SocketInputStream.read(SocketInputStream.java:200)
	at java.base/java.io.DataInputStream.readUnsignedShort(DataInputStream.java:342)
	at java.base/java.io.DataInputStream.readUTF(DataInputStream.java:594)
	at java.base/java.io.DataInputStream.readUTF(DataInputStream.java:569)
	at Istemci.teslimAl(Istemci.java:92)
	at Istemci.calistir(Istemci.java:58)
	at Istemci.main(Istemci.java:47)
2020-10-02 09:41:53 ERROR Istemci:96 - Mesaj teslim alinirken hata olustu
java.net.SocketException: Connection reset
	at java.base/java.net.SocketInputStream.read(SocketInputStream.java:186)
	at java.base/java.net.SocketInputStream.read(SocketInputStream.java:140)
	at java.base/java.net.SocketInputStream.read(SocketInputStream.java:200)
	at java.base/java.io.DataInputStream.readUnsignedShort(DataInputStream.java:342)
	at java.base/java.io.DataInputStream.readUTF(DataInputStream.java:594)
	at java.base/java.io.DataInputStream.readUTF(DataInputStream.java:569)
	at Istemci.teslimAl(Istemci.java:92)
	at Istemci.calistir(Istemci.java:58)
	at Istemci.main(Istemci.java:47)
2020-10-02 09:43:30 ERROR Istemci:96 - Mesaj teslim alinirken hata olustu
java.net.SocketException: Connection reset
	at java.base/java.net.SocketInputStream.read(SocketInputStream.java:186)
	at java.base/java.net.SocketInputStream.read(SocketInputStream.java:140)
	at java.base/java.net.SocketInputStream.read(SocketInputStream.java:200)
	at java.base/java.io.DataInputStream.readUnsignedShort(DataInputStream.java:342)
	at java.base/java.io.DataInputStream.readUTF(DataInputStream.java:594)
	at java.base/java.io.DataInputStream.readUTF(DataInputStream.java:569)
	at Istemci.teslimAl(Istemci.java:92)
	at Istemci.calistir(Istemci.java:58)
	at Istemci.main(Istemci.java:47)
2020-10-02 09:44:56 ERROR Sunucu:101 - Mesaj teslim alinirken hata olustu
java.io.EOFException
	at java.base/java.io.DataInputStream.readUnsignedShort(DataInputStream.java:345)
	at java.base/java.io.DataInputStream.readUTF(DataInputStream.java:594)
	at java.base/java.io.DataInputStream.readUTF(DataInputStream.java:569)
	at Sunucu.teslimAl(Sunucu.java:96)
	at Sunucu.calistir(Sunucu.java:64)
	at Sunucu.main(Sunucu.java:54)
2020-10-02 09:45:52 ERROR Istemci:96 - Mesaj teslim alinirken hata olustu
java.net.SocketException: Connection reset
	at java.base/java.net.SocketInputStream.read(SocketInputStream.java:186)
	at java.base/java.net.SocketInputStream.read(SocketInputStream.java:140)
	at java.base/java.net.SocketInputStream.read(SocketInputStream.java:200)
	at java.base/java.io.DataInputStream.readUnsignedShort(DataInputStream.java:342)
	at java.base/java.io.DataInputStream.readUTF(DataInputStream.java:594)
	at java.base/java.io.DataInputStream.readUTF(DataInputStream.java:569)
	at Istemci.teslimAl(Istemci.java:92)
	at Istemci.calistir(Istemci.java:58)
	at Istemci.main(Istemci.java:47)
2020-10-02 09:46:16 ERROR Istemci:96 - Mesaj teslim alinirken hata olustu
java.net.SocketException: Connection reset
	at java.base/java.net.SocketInputStream.read(SocketInputStream.java:186)
	at java.base/java.net.SocketInputStream.read(SocketInputStream.java:140)
	at java.base/java.net.SocketInputStream.read(SocketInputStream.java:200)
	at java.base/java.io.DataInputStream.readUnsignedShort(DataInputStream.java:342)
	at java.base/java.io.DataInputStream.readUTF(DataInputStream.java:594)
	at java.base/java.io.DataInputStream.readUTF(DataInputStream.java:569)
	at Istemci.teslimAl(Istemci.java:92)
	at Istemci.calistir(Istemci.java:58)
	at Istemci.main(Istemci.java:47)
2020-10-02 09:46:59 ERROR Sunucu:101 - Mesaj teslim alinirken hata olustu
java.net.SocketException: Connection reset
	at java.base/java.net.SocketInputStream.read(SocketInputStream.java:186)
	at java.base/java.net.SocketInputStream.read(SocketInputStream.java:140)
	at java.base/java.net.SocketInputStream.read(SocketInputStream.java:200)
	at java.base/java.io.DataInputStream.readUnsignedShort(DataInputStream.java:342)
	at java.base/java.io.DataInputStream.readUTF(DataInputStream.java:594)
	at java.base/java.io.DataInputStream.readUTF(DataInputStream.java:569)
	at Sunucu.teslimAl(Sunucu.java:96)
	at Sunucu.calistir(Sunucu.java:64)
	at Sunucu.main(Sunucu.java:54)
2020-10-02 09:47:17 ERROR Istemci:96 - Mesaj teslim alinirken hata olustu
java.net.SocketException: Connection reset
	at java.base/java.net.SocketInputStream.read(SocketInputStream.java:186)
	at java.base/java.net.SocketInputStream.read(SocketInputStream.java:140)
	at java.base/java.net.SocketInputStream.read(SocketInputStream.java:200)
	at java.base/java.io.DataInputStream.readUnsignedShort(DataInputStream.java:342)
	at java.base/java.io.DataInputStream.readUTF(DataInputStream.java:594)
	at java.base/java.io.DataInputStream.readUTF(DataInputStream.java:569)
	at Istemci.teslimAl(Istemci.java:92)
	at Istemci.calistir(Istemci.java:58)
	at Istemci.main(Istemci.java:47)
2020-10-03 12:10:45 ERROR Istemci:28 - Sunucu ile baglanti kurulurken hata olustu
java.net.ConnectException: Connection refused: connect
	at java.base/java.net.PlainSocketImpl.connect0(Native Method)
	at java.base/java.net.PlainSocketImpl.socketConnect(PlainSocketImpl.java:101)
	at java.base/java.net.AbstractPlainSocketImpl.doConnect(AbstractPlainSocketImpl.java:399)
	at java.base/java.net.AbstractPlainSocketImpl.connectToAddress(AbstractPlainSocketImpl.java:242)
	at java.base/java.net.AbstractPlainSocketImpl.connect(AbstractPlainSocketImpl.java:224)
	at java.base/java.net.SocksSocketImpl.connect(SocksSocketImpl.java:403)
	at java.base/java.net.Socket.connect(Socket.java:609)
	at java.base/java.net.Socket.connect(Socket.java:558)
	at java.base/java.net.Socket.<init>(Socket.java:454)
	at java.base/java.net.Socket.<init>(Socket.java:231)
	at Istemci.<init>(Istemci.java:24)
	at IstemciGUI.main(IstemciGUI.java:26)
2020-10-03 12:11:43 ERROR Istemci:28 - Sunucu ile baglanti kurulurken hata olustu
java.net.ConnectException: Connection refused: connect
	at java.base/java.net.PlainSocketImpl.connect0(Native Method)
	at java.base/java.net.PlainSocketImpl.socketConnect(PlainSocketImpl.java:101)
	at java.base/java.net.AbstractPlainSocketImpl.doConnect(AbstractPlainSocketImpl.java:399)
	at java.base/java.net.AbstractPlainSocketImpl.connectToAddress(AbstractPlainSocketImpl.java:242)
	at java.base/java.net.AbstractPlainSocketImpl.connect(AbstractPlainSocketImpl.java:224)
	at java.base/java.net.SocksSocketImpl.connect(SocksSocketImpl.java:403)
	at java.base/java.net.Socket.connect(Socket.java:609)
	at java.base/java.net.Socket.connect(Socket.java:558)
	at java.base/java.net.Socket.<init>(Socket.java:454)
	at java.base/java.net.Socket.<init>(Socket.java:231)
	at Istemci.<init>(Istemci.java:24)
	at IstemciGUI.main(IstemciGUI.java:26)
2020-10-03 12:12:15 ERROR Istemci:28 - Sunucu ile baglanti kurulurken hata olustu
java.net.ConnectException: Connection refused: connect
	at java.base/java.net.PlainSocketImpl.connect0(Native Method)
	at java.base/java.net.PlainSocketImpl.socketConnect(PlainSocketImpl.java:101)
	at java.base/java.net.AbstractPlainSocketImpl.doConnect(AbstractPlainSocketImpl.java:399)
	at java.base/java.net.AbstractPlainSocketImpl.connectToAddress(AbstractPlainSocketImpl.java:242)
	at java.base/java.net.AbstractPlainSocketImpl.connect(AbstractPlainSocketImpl.java:224)
	at java.base/java.net.SocksSocketImpl.connect(SocksSocketImpl.java:403)
	at java.base/java.net.Socket.connect(Socket.java:609)
	at java.base/java.net.Socket.connect(Socket.java:558)
	at java.base/java.net.Socket.<init>(Socket.java:454)
	at java.base/java.net.Socket.<init>(Socket.java:231)
	at Istemci.<init>(Istemci.java:24)
	at IstemciGUI.main(IstemciGUI.java:26)
2020-10-03 12:21:17 ERROR Istemci:28 - Sunucu ile baglanti kurulurken hata olustu
java.net.ConnectException: Connection refused: connect
	at java.base/java.net.PlainSocketImpl.connect0(Native Method)
	at java.base/java.net.PlainSocketImpl.socketConnect(PlainSocketImpl.java:101)
	at java.base/java.net.AbstractPlainSocketImpl.doConnect(AbstractPlainSocketImpl.java:399)
	at java.base/java.net.AbstractPlainSocketImpl.connectToAddress(AbstractPlainSocketImpl.java:242)
	at java.base/java.net.AbstractPlainSocketImpl.connect(AbstractPlainSocketImpl.java:224)
	at java.base/java.net.SocksSocketImpl.connect(SocksSocketImpl.java:403)
	at java.base/java.net.Socket.connect(Socket.java:609)
	at java.base/java.net.Socket.connect(Socket.java:558)
	at java.base/java.net.Socket.<init>(Socket.java:454)
	at java.base/java.net.Socket.<init>(Socket.java:231)
	at Istemci.<init>(Istemci.java:24)
	at IstemciGUI.main(IstemciGUI.java:31)
2020-10-03 12:21:43 ERROR Sunucu:142 - Mesaj teslim alinirken hata olustu
java.io.EOFException
	at java.base/java.io.DataInputStream.readUnsignedShort(DataInputStream.java:345)
	at java.base/java.io.DataInputStream.readUTF(DataInputStream.java:594)
	at java.base/java.io.DataInputStream.readUTF(DataInputStream.java:569)
	at Sunucu.teslimAl(Sunucu.java:138)
	at Sunucu.calistir(Sunucu.java:97)
	at Sunucu.main(Sunucu.java:78)
2020-10-05 08:45:42 INFO  Istemci:26 - Sunucu ile baglanti kuruldu: Socket[addr=localhost/127.0.0.1,port=6789,localport=49738]
2020-10-05 08:45:42 INFO  Istemci:53 - Mesaj gonderildi
2020-10-05 08:45:56 INFO  Istemci:26 - Sunucu ile baglanti kuruldu: Socket[addr=localhost/127.0.0.1,port=6789,localport=49739]
2020-10-05 08:45:56 INFO  Istemci:53 - Mesaj gonderildi
2020-10-05 08:48:13 INFO  Istemci:26 - Sunucu ile baglanti kuruldu: Socket[addr=localhost/127.0.0.1,port=6789,localport=49755]
2020-10-05 08:48:13 INFO  Istemci:53 - Mesaj gonderildi
2020-10-05 08:49:01 INFO  Istemci:26 - Sunucu ile baglanti kuruldu: Socket[addr=localhost/127.0.0.1,port=6789,localport=49770]
2020-10-05 08:49:01 INFO  Istemci:53 - Mesaj gonderildi
2020-10-05 09:11:11 ERROR MesajDb:33 - JDBC surucusunde hata olustu
com.mysql.cj.jdbc.exceptions.CommunicationsException: Communications link failure

The last packet sent successfully to the server was 0 milliseconds ago. The driver has not received any packets from the server.
	at com.mysql.cj.jdbc.exceptions.SQLError.createCommunicationsException(SQLError.java:174)
	at com.mysql.cj.jdbc.exceptions.SQLExceptionsMapping.translateException(SQLExceptionsMapping.java:64)
	at com.mysql.cj.jdbc.ConnectionImpl.createNewIO(ConnectionImpl.java:836)
	at com.mysql.cj.jdbc.ConnectionImpl.<init>(ConnectionImpl.java:456)
	at com.mysql.cj.jdbc.ConnectionImpl.getInstance(ConnectionImpl.java:246)
	at com.mysql.cj.jdbc.NonRegisteringDriver.connect(NonRegisteringDriver.java:197)
	at java.sql/java.sql.DriverManager.getConnection(DriverManager.java:677)
	at java.sql/java.sql.DriverManager.getConnection(DriverManager.java:228)
	at MesajDb.<init>(MesajDb.java:30)
	at SunucuThread.<init>(SunucuThread.java:21)
	at Sunucu.main(Sunucu.java:66)
Caused by: com.mysql.cj.exceptions.CJCommunicationsException: Communications link failure

The last packet sent successfully to the server was 0 milliseconds ago. The driver has not received any packets from the server.
	at java.base/jdk.internal.reflect.NativeConstructorAccessorImpl.newInstance0(Native Method)
	at java.base/jdk.internal.reflect.NativeConstructorAccessorImpl.newInstance(NativeConstructorAccessorImpl.java:62)
	at java.base/jdk.internal.reflect.DelegatingConstructorAccessorImpl.newInstance(DelegatingConstructorAccessorImpl.java:45)
	at java.base/java.lang.reflect.Constructor.newInstance(Constructor.java:490)
	at com.mysql.cj.exceptions.ExceptionFactory.createException(ExceptionFactory.java:61)
	at com.mysql.cj.exceptions.ExceptionFactory.createException(ExceptionFactory.java:105)
	at com.mysql.cj.exceptions.ExceptionFactory.createException(ExceptionFactory.java:151)
	at com.mysql.cj.exceptions.ExceptionFactory.createCommunicationsException(ExceptionFactory.java:167)
	at com.mysql.cj.protocol.a.NativeSocketConnection.connect(NativeSocketConnection.java:91)
	at com.mysql.cj.NativeSession.connect(NativeSession.java:144)
	at com.mysql.cj.jdbc.ConnectionImpl.connectOneTryOnly(ConnectionImpl.java:956)
	at com.mysql.cj.jdbc.ConnectionImpl.createNewIO(ConnectionImpl.java:826)
	... 8 more
Caused by: java.net.ConnectException: Connection refused: connect
	at java.base/java.net.PlainSocketImpl.connect0(Native Method)
	at java.base/java.net.PlainSocketImpl.socketConnect(PlainSocketImpl.java:101)
	at java.base/java.net.AbstractPlainSocketImpl.doConnect(AbstractPlainSocketImpl.java:399)
	at java.base/java.net.AbstractPlainSocketImpl.connectToAddress(AbstractPlainSocketImpl.java:242)
	at java.base/java.net.AbstractPlainSocketImpl.connect(AbstractPlainSocketImpl.java:224)
	at java.base/java.net.SocksSocketImpl.connect(SocksSocketImpl.java:403)
	at java.base/java.net.Socket.connect(Socket.java:609)
	at com.mysql.cj.protocol.StandardSocketFactory.connect(StandardSocketFactory.java:155)
	at com.mysql.cj.protocol.a.NativeSocketConnection.connect(NativeSocketConnection.java:65)
	... 11 more
2020-10-05 09:11:15 ERROR MesajDb:33 - JDBC surucusunde hata olustu
com.mysql.cj.jdbc.exceptions.CommunicationsException: Communications link failure

The last packet sent successfully to the server was 0 milliseconds ago. The driver has not received any packets from the server.
	at com.mysql.cj.jdbc.exceptions.SQLError.createCommunicationsException(SQLError.java:174)
	at com.mysql.cj.jdbc.exceptions.SQLExceptionsMapping.translateException(SQLExceptionsMapping.java:64)
	at com.mysql.cj.jdbc.ConnectionImpl.createNewIO(ConnectionImpl.java:836)
	at com.mysql.cj.jdbc.ConnectionImpl.<init>(ConnectionImpl.java:456)
	at com.mysql.cj.jdbc.ConnectionImpl.getInstance(ConnectionImpl.java:246)
	at com.mysql.cj.jdbc.NonRegisteringDriver.connect(NonRegisteringDriver.java:197)
	at java.sql/java.sql.DriverManager.getConnection(DriverManager.java:677)
	at java.sql/java.sql.DriverManager.getConnection(DriverManager.java:228)
	at MesajDb.<init>(MesajDb.java:30)
	at SunucuThread.<init>(SunucuThread.java:21)
	at Sunucu.main(Sunucu.java:67)
Caused by: com.mysql.cj.exceptions.CJCommunicationsException: Communications link failure

The last packet sent successfully to the server was 0 milliseconds ago. The driver has not received any packets from the server.
	at java.base/jdk.internal.reflect.NativeConstructorAccessorImpl.newInstance0(Native Method)
	at java.base/jdk.internal.reflect.NativeConstructorAccessorImpl.newInstance(NativeConstructorAccessorImpl.java:62)
	at java.base/jdk.internal.reflect.DelegatingConstructorAccessorImpl.newInstance(DelegatingConstructorAccessorImpl.java:45)
	at java.base/java.lang.reflect.Constructor.newInstance(Constructor.java:490)
	at com.mysql.cj.exceptions.ExceptionFactory.createException(ExceptionFactory.java:61)
	at com.mysql.cj.exceptions.ExceptionFactory.createException(ExceptionFactory.java:105)
	at com.mysql.cj.exceptions.ExceptionFactory.createException(ExceptionFactory.java:151)
	at com.mysql.cj.exceptions.ExceptionFactory.createCommunicationsException(ExceptionFactory.java:167)
	at com.mysql.cj.protocol.a.NativeSocketConnection.connect(NativeSocketConnection.java:91)
	at com.mysql.cj.NativeSession.connect(NativeSession.java:144)
	at com.mysql.cj.jdbc.ConnectionImpl.connectOneTryOnly(ConnectionImpl.java:956)
	at com.mysql.cj.jdbc.ConnectionImpl.createNewIO(ConnectionImpl.java:826)
	... 8 more
Caused by: java.net.ConnectException: Connection refused: connect
	at java.base/java.net.PlainSocketImpl.connect0(Native Method)
	at java.base/java.net.PlainSocketImpl.socketConnect(PlainSocketImpl.java:101)
	at java.base/java.net.AbstractPlainSocketImpl.doConnect(AbstractPlainSocketImpl.java:399)
	at java.base/java.net.AbstractPlainSocketImpl.connectToAddress(AbstractPlainSocketImpl.java:242)
	at java.base/java.net.AbstractPlainSocketImpl.connect(AbstractPlainSocketImpl.java:224)
	at java.base/java.net.SocksSocketImpl.connect(SocksSocketImpl.java:403)
	at java.base/java.net.Socket.connect(Socket.java:609)
	at com.mysql.cj.protocol.StandardSocketFactory.connect(StandardSocketFactory.java:155)
	at com.mysql.cj.protocol.a.NativeSocketConnection.connect(NativeSocketConnection.java:65)
	... 11 more
2020-10-05 09:11:19 ERROR MesajDb:33 - JDBC surucusunde hata olustu
com.mysql.cj.jdbc.exceptions.CommunicationsException: Communications link failure

The last packet sent successfully to the server was 0 milliseconds ago. The driver has not received any packets from the server.
	at com.mysql.cj.jdbc.exceptions.SQLError.createCommunicationsException(SQLError.java:174)
	at com.mysql.cj.jdbc.exceptions.SQLExceptionsMapping.translateException(SQLExceptionsMapping.java:64)
	at com.mysql.cj.jdbc.ConnectionImpl.createNewIO(ConnectionImpl.java:836)
	at com.mysql.cj.jdbc.ConnectionImpl.<init>(ConnectionImpl.java:456)
	at com.mysql.cj.jdbc.ConnectionImpl.getInstance(ConnectionImpl.java:246)
	at com.mysql.cj.jdbc.NonRegisteringDriver.connect(NonRegisteringDriver.java:197)
	at java.sql/java.sql.DriverManager.getConnection(DriverManager.java:677)
	at java.sql/java.sql.DriverManager.getConnection(DriverManager.java:228)
	at MesajDb.<init>(MesajDb.java:30)
	at SunucuThread.<init>(SunucuThread.java:21)
	at Sunucu.main(Sunucu.java:68)
Caused by: com.mysql.cj.exceptions.CJCommunicationsException: Communications link failure

The last packet sent successfully to the server was 0 milliseconds ago. The driver has not received any packets from the server.
	at java.base/jdk.internal.reflect.NativeConstructorAccessorImpl.newInstance0(Native Method)
	at java.base/jdk.internal.reflect.NativeConstructorAccessorImpl.newInstance(NativeConstructorAccessorImpl.java:62)
	at java.base/jdk.internal.reflect.DelegatingConstructorAccessorImpl.newInstance(DelegatingConstructorAccessorImpl.java:45)
	at java.base/java.lang.reflect.Constructor.newInstance(Constructor.java:490)
	at com.mysql.cj.exceptions.ExceptionFactory.createException(ExceptionFactory.java:61)
	at com.mysql.cj.exceptions.ExceptionFactory.createException(ExceptionFactory.java:105)
	at com.mysql.cj.exceptions.ExceptionFactory.createException(ExceptionFactory.java:151)
	at com.mysql.cj.exceptions.ExceptionFactory.createCommunicationsException(ExceptionFactory.java:167)
	at com.mysql.cj.protocol.a.NativeSocketConnection.connect(NativeSocketConnection.java:91)
	at com.mysql.cj.NativeSession.connect(NativeSession.java:144)
	at com.mysql.cj.jdbc.ConnectionImpl.connectOneTryOnly(ConnectionImpl.java:956)
	at com.mysql.cj.jdbc.ConnectionImpl.createNewIO(ConnectionImpl.java:826)
	... 8 more
Caused by: java.net.ConnectException: Connection refused: connect
	at java.base/java.net.PlainSocketImpl.connect0(Native Method)
	at java.base/java.net.PlainSocketImpl.socketConnect(PlainSocketImpl.java:101)
	at java.base/java.net.AbstractPlainSocketImpl.doConnect(AbstractPlainSocketImpl.java:399)
	at java.base/java.net.AbstractPlainSocketImpl.connectToAddress(AbstractPlainSocketImpl.java:242)
	at java.base/java.net.AbstractPlainSocketImpl.connect(AbstractPlainSocketImpl.java:224)
	at java.base/java.net.SocksSocketImpl.connect(SocksSocketImpl.java:403)
	at java.base/java.net.Socket.connect(Socket.java:609)
	at com.mysql.cj.protocol.StandardSocketFactory.connect(StandardSocketFactory.java:155)
	at com.mysql.cj.protocol.a.NativeSocketConnection.connect(NativeSocketConnection.java:65)
	... 11 more
2020-10-05 09:15:44 ERROR MesajDb:33 - JDBC surucusunde hata olustu
com.mysql.cj.jdbc.exceptions.CommunicationsException: Communications link failure

The last packet sent successfully to the server was 0 milliseconds ago. The driver has not received any packets from the server.
	at com.mysql.cj.jdbc.exceptions.SQLError.createCommunicationsException(SQLError.java:174)
	at com.mysql.cj.jdbc.exceptions.SQLExceptionsMapping.translateException(SQLExceptionsMapping.java:64)
	at com.mysql.cj.jdbc.ConnectionImpl.createNewIO(ConnectionImpl.java:836)
	at com.mysql.cj.jdbc.ConnectionImpl.<init>(ConnectionImpl.java:456)
	at com.mysql.cj.jdbc.ConnectionImpl.getInstance(ConnectionImpl.java:246)
	at com.mysql.cj.jdbc.NonRegisteringDriver.connect(NonRegisteringDriver.java:197)
	at java.sql/java.sql.DriverManager.getConnection(DriverManager.java:677)
	at java.sql/java.sql.DriverManager.getConnection(DriverManager.java:228)
	at MesajDb.<init>(MesajDb.java:30)
	at SunucuThread.<init>(SunucuThread.java:21)
	at Sunucu.main(Sunucu.java:66)
Caused by: com.mysql.cj.exceptions.CJCommunicationsException: Communications link failure

The last packet sent successfully to the server was 0 milliseconds ago. The driver has not received any packets from the server.
	at java.base/jdk.internal.reflect.NativeConstructorAccessorImpl.newInstance0(Native Method)
	at java.base/jdk.internal.reflect.NativeConstructorAccessorImpl.newInstance(NativeConstructorAccessorImpl.java:62)
	at java.base/jdk.internal.reflect.DelegatingConstructorAccessorImpl.newInstance(DelegatingConstructorAccessorImpl.java:45)
	at java.base/java.lang.reflect.Constructor.newInstance(Constructor.java:490)
	at com.mysql.cj.exceptions.ExceptionFactory.createException(ExceptionFactory.java:61)
	at com.mysql.cj.exceptions.ExceptionFactory.createException(ExceptionFactory.java:105)
	at com.mysql.cj.exceptions.ExceptionFactory.createException(ExceptionFactory.java:151)
	at com.mysql.cj.exceptions.ExceptionFactory.createCommunicationsException(ExceptionFactory.java:167)
	at com.mysql.cj.protocol.a.NativeSocketConnection.connect(NativeSocketConnection.java:91)
	at com.mysql.cj.NativeSession.connect(NativeSession.java:144)
	at com.mysql.cj.jdbc.ConnectionImpl.connectOneTryOnly(ConnectionImpl.java:956)
	at com.mysql.cj.jdbc.ConnectionImpl.createNewIO(ConnectionImpl.java:826)
	... 8 more
Caused by: java.net.ConnectException: Connection refused: connect
	at java.base/java.net.PlainSocketImpl.connect0(Native Method)
	at java.base/java.net.PlainSocketImpl.socketConnect(PlainSocketImpl.java:101)
	at java.base/java.net.AbstractPlainSocketImpl.doConnect(AbstractPlainSocketImpl.java:399)
	at java.base/java.net.AbstractPlainSocketImpl.connectToAddress(AbstractPlainSocketImpl.java:242)
	at java.base/java.net.AbstractPlainSocketImpl.connect(AbstractPlainSocketImpl.java:224)
	at java.base/java.net.SocksSocketImpl.connect(SocksSocketImpl.java:403)
	at java.base/java.net.Socket.connect(Socket.java:609)
	at com.mysql.cj.protocol.StandardSocketFactory.connect(StandardSocketFactory.java:155)
	at com.mysql.cj.protocol.a.NativeSocketConnection.connect(NativeSocketConnection.java:65)
	... 11 more
2020-10-05 09:15:48 ERROR MesajDb:33 - JDBC surucusunde hata olustu
com.mysql.cj.jdbc.exceptions.CommunicationsException: Communications link failure

The last packet sent successfully to the server was 0 milliseconds ago. The driver has not received any packets from the server.
	at com.mysql.cj.jdbc.exceptions.SQLError.createCommunicationsException(SQLError.java:174)
	at com.mysql.cj.jdbc.exceptions.SQLExceptionsMapping.translateException(SQLExceptionsMapping.java:64)
	at com.mysql.cj.jdbc.ConnectionImpl.createNewIO(ConnectionImpl.java:836)
	at com.mysql.cj.jdbc.ConnectionImpl.<init>(ConnectionImpl.java:456)
	at com.mysql.cj.jdbc.ConnectionImpl.getInstance(ConnectionImpl.java:246)
	at com.mysql.cj.jdbc.NonRegisteringDriver.connect(NonRegisteringDriver.java:197)
	at java.sql/java.sql.DriverManager.getConnection(DriverManager.java:677)
	at java.sql/java.sql.DriverManager.getConnection(DriverManager.java:228)
	at MesajDb.<init>(MesajDb.java:30)
	at SunucuThread.<init>(SunucuThread.java:21)
	at Sunucu.main(Sunucu.java:67)
Caused by: com.mysql.cj.exceptions.CJCommunicationsException: Communications link failure

The last packet sent successfully to the server was 0 milliseconds ago. The driver has not received any packets from the server.
	at java.base/jdk.internal.reflect.NativeConstructorAccessorImpl.newInstance0(Native Method)
	at java.base/jdk.internal.reflect.NativeConstructorAccessorImpl.newInstance(NativeConstructorAccessorImpl.java:62)
	at java.base/jdk.internal.reflect.DelegatingConstructorAccessorImpl.newInstance(DelegatingConstructorAccessorImpl.java:45)
	at java.base/java.lang.reflect.Constructor.newInstance(Constructor.java:490)
	at com.mysql.cj.exceptions.ExceptionFactory.createException(ExceptionFactory.java:61)
	at com.mysql.cj.exceptions.ExceptionFactory.createException(ExceptionFactory.java:105)
	at com.mysql.cj.exceptions.ExceptionFactory.createException(ExceptionFactory.java:151)
	at com.mysql.cj.exceptions.ExceptionFactory.createCommunicationsException(ExceptionFactory.java:167)
	at com.mysql.cj.protocol.a.NativeSocketConnection.connect(NativeSocketConnection.java:91)
	at com.mysql.cj.NativeSession.connect(NativeSession.java:144)
	at com.mysql.cj.jdbc.ConnectionImpl.connectOneTryOnly(ConnectionImpl.java:956)
	at com.mysql.cj.jdbc.ConnectionImpl.createNewIO(ConnectionImpl.java:826)
	... 8 more
Caused by: java.net.ConnectException: Connection refused: connect
	at java.base/java.net.PlainSocketImpl.connect0(Native Method)
	at java.base/java.net.PlainSocketImpl.socketConnect(PlainSocketImpl.java:101)
	at java.base/java.net.AbstractPlainSocketImpl.doConnect(AbstractPlainSocketImpl.java:399)
	at java.base/java.net.AbstractPlainSocketImpl.connectToAddress(AbstractPlainSocketImpl.java:242)
	at java.base/java.net.AbstractPlainSocketImpl.connect(AbstractPlainSocketImpl.java:224)
	at java.base/java.net.SocksSocketImpl.connect(SocksSocketImpl.java:403)
	at java.base/java.net.Socket.connect(Socket.java:609)
	at com.mysql.cj.protocol.StandardSocketFactory.connect(StandardSocketFactory.java:155)
	at com.mysql.cj.protocol.a.NativeSocketConnection.connect(NativeSocketConnection.java:65)
	... 11 more
2020-10-05 09:15:53 ERROR MesajDb:33 - JDBC surucusunde hata olustu
com.mysql.cj.jdbc.exceptions.CommunicationsException: Communications link failure

The last packet sent successfully to the server was 0 milliseconds ago. The driver has not received any packets from the server.
	at com.mysql.cj.jdbc.exceptions.SQLError.createCommunicationsException(SQLError.java:174)
	at com.mysql.cj.jdbc.exceptions.SQLExceptionsMapping.translateException(SQLExceptionsMapping.java:64)
	at com.mysql.cj.jdbc.ConnectionImpl.createNewIO(ConnectionImpl.java:836)
	at com.mysql.cj.jdbc.ConnectionImpl.<init>(ConnectionImpl.java:456)
	at com.mysql.cj.jdbc.ConnectionImpl.getInstance(ConnectionImpl.java:246)
	at com.mysql.cj.jdbc.NonRegisteringDriver.connect(NonRegisteringDriver.java:197)
	at java.sql/java.sql.DriverManager.getConnection(DriverManager.java:677)
	at java.sql/java.sql.DriverManager.getConnection(DriverManager.java:228)
	at MesajDb.<init>(MesajDb.java:30)
	at SunucuThread.<init>(SunucuThread.java:21)
	at Sunucu.main(Sunucu.java:68)
Caused by: com.mysql.cj.exceptions.CJCommunicationsException: Communications link failure

The last packet sent successfully to the server was 0 milliseconds ago. The driver has not received any packets from the server.
	at java.base/jdk.internal.reflect.NativeConstructorAccessorImpl.newInstance0(Native Method)
	at java.base/jdk.internal.reflect.NativeConstructorAccessorImpl.newInstance(NativeConstructorAccessorImpl.java:62)
	at java.base/jdk.internal.reflect.DelegatingConstructorAccessorImpl.newInstance(DelegatingConstructorAccessorImpl.java:45)
	at java.base/java.lang.reflect.Constructor.newInstance(Constructor.java:490)
	at com.mysql.cj.exceptions.ExceptionFactory.createException(ExceptionFactory.java:61)
	at com.mysql.cj.exceptions.ExceptionFactory.createException(ExceptionFactory.java:105)
	at com.mysql.cj.exceptions.ExceptionFactory.createException(ExceptionFactory.java:151)
	at com.mysql.cj.exceptions.ExceptionFactory.createCommunicationsException(ExceptionFactory.java:167)
	at com.mysql.cj.protocol.a.NativeProtocol.readMessage(NativeProtocol.java:538)
	at com.mysql.cj.protocol.a.NativeProtocol.readServerCapabilities(NativeProtocol.java:490)
	at com.mysql.cj.protocol.a.NativeProtocol.beforeHandshake(NativeProtocol.java:377)
	at com.mysql.cj.protocol.a.NativeProtocol.connect(NativeProtocol.java:1340)
	at com.mysql.cj.NativeSession.connect(NativeSession.java:157)
	at com.mysql.cj.jdbc.ConnectionImpl.connectOneTryOnly(ConnectionImpl.java:956)
	at com.mysql.cj.jdbc.ConnectionImpl.createNewIO(ConnectionImpl.java:826)
	... 8 more
Caused by: java.net.SocketException: Connection reset
	at java.base/java.net.SocketInputStream.read(SocketInputStream.java:186)
	at java.base/java.net.SocketInputStream.read(SocketInputStream.java:140)
	at com.mysql.cj.protocol.ReadAheadInputStream.fill(ReadAheadInputStream.java:107)
	at com.mysql.cj.protocol.ReadAheadInputStream.readFromUnderlyingStreamIfNecessary(ReadAheadInputStream.java:150)
	at com.mysql.cj.protocol.ReadAheadInputStream.read(ReadAheadInputStream.java:180)
	at java.base/java.io.FilterInputStream.read(FilterInputStream.java:133)
	at com.mysql.cj.protocol.FullReadInputStream.readFully(FullReadInputStream.java:64)
	at com.mysql.cj.protocol.a.SimplePacketReader.readHeader(SimplePacketReader.java:63)
	at com.mysql.cj.protocol.a.SimplePacketReader.readHeader(SimplePacketReader.java:45)
	at com.mysql.cj.protocol.a.NativeProtocol.readMessage(NativeProtocol.java:532)
	... 14 more
2020-10-05 09:46:06 ERROR MesajDb:33 - JDBC surucusunde hata olustu
com.mysql.cj.jdbc.exceptions.CommunicationsException: Communications link failure

The last packet sent successfully to the server was 0 milliseconds ago. The driver has not received any packets from the server.
	at com.mysql.cj.jdbc.exceptions.SQLError.createCommunicationsException(SQLError.java:174)
	at com.mysql.cj.jdbc.exceptions.SQLExceptionsMapping.translateException(SQLExceptionsMapping.java:64)
	at com.mysql.cj.jdbc.ConnectionImpl.createNewIO(ConnectionImpl.java:836)
	at com.mysql.cj.jdbc.ConnectionImpl.<init>(ConnectionImpl.java:456)
	at com.mysql.cj.jdbc.ConnectionImpl.getInstance(ConnectionImpl.java:246)
	at com.mysql.cj.jdbc.NonRegisteringDriver.connect(NonRegisteringDriver.java:197)
	at java.sql/java.sql.DriverManager.getConnection(DriverManager.java:677)
	at java.sql/java.sql.DriverManager.getConnection(DriverManager.java:228)
	at MesajDb.<init>(MesajDb.java:30)
	at SunucuThread.<init>(SunucuThread.java:28)
	at Sunucu.main(Sunucu.java:69)
Caused by: com.mysql.cj.exceptions.CJCommunicationsException: Communications link failure

The last packet sent successfully to the server was 0 milliseconds ago. The driver has not received any packets from the server.
	at java.base/jdk.internal.reflect.NativeConstructorAccessorImpl.newInstance0(Native Method)
	at java.base/jdk.internal.reflect.NativeConstructorAccessorImpl.newInstance(NativeConstructorAccessorImpl.java:62)
	at java.base/jdk.internal.reflect.DelegatingConstructorAccessorImpl.newInstance(DelegatingConstructorAccessorImpl.java:45)
	at java.base/java.lang.reflect.Constructor.newInstance(Constructor.java:490)
	at com.mysql.cj.exceptions.ExceptionFactory.createException(ExceptionFactory.java:61)
	at com.mysql.cj.exceptions.ExceptionFactory.createException(ExceptionFactory.java:105)
	at com.mysql.cj.exceptions.ExceptionFactory.createException(ExceptionFactory.java:151)
	at com.mysql.cj.exceptions.ExceptionFactory.createCommunicationsException(ExceptionFactory.java:167)
	at com.mysql.cj.protocol.a.NativeSocketConnection.connect(NativeSocketConnection.java:91)
	at com.mysql.cj.NativeSession.connect(NativeSession.java:144)
	at com.mysql.cj.jdbc.ConnectionImpl.connectOneTryOnly(ConnectionImpl.java:956)
	at com.mysql.cj.jdbc.ConnectionImpl.createNewIO(ConnectionImpl.java:826)
	... 8 more
Caused by: java.net.ConnectException: Connection refused: connect
	at java.base/java.net.PlainSocketImpl.connect0(Native Method)
	at java.base/java.net.PlainSocketImpl.socketConnect(PlainSocketImpl.java:101)
	at java.base/java.net.AbstractPlainSocketImpl.doConnect(AbstractPlainSocketImpl.java:399)
	at java.base/java.net.AbstractPlainSocketImpl.connectToAddress(AbstractPlainSocketImpl.java:242)
	at java.base/java.net.AbstractPlainSocketImpl.connect(AbstractPlainSocketImpl.java:224)
	at java.base/java.net.SocksSocketImpl.connect(SocksSocketImpl.java:403)
	at java.base/java.net.Socket.connect(Socket.java:609)
	at com.mysql.cj.protocol.StandardSocketFactory.connect(StandardSocketFactory.java:155)
	at com.mysql.cj.protocol.a.NativeSocketConnection.connect(NativeSocketConnection.java:65)
	... 11 more
2020-10-05 09:46:10 ERROR MesajDb:33 - JDBC surucusunde hata olustu
com.mysql.cj.jdbc.exceptions.CommunicationsException: Communications link failure

The last packet sent successfully to the server was 0 milliseconds ago. The driver has not received any packets from the server.
	at com.mysql.cj.jdbc.exceptions.SQLError.createCommunicationsException(SQLError.java:174)
	at com.mysql.cj.jdbc.exceptions.SQLExceptionsMapping.translateException(SQLExceptionsMapping.java:64)
	at com.mysql.cj.jdbc.ConnectionImpl.createNewIO(ConnectionImpl.java:836)
	at com.mysql.cj.jdbc.ConnectionImpl.<init>(ConnectionImpl.java:456)
	at com.mysql.cj.jdbc.ConnectionImpl.getInstance(ConnectionImpl.java:246)
	at com.mysql.cj.jdbc.NonRegisteringDriver.connect(NonRegisteringDriver.java:197)
	at java.sql/java.sql.DriverManager.getConnection(DriverManager.java:677)
	at java.sql/java.sql.DriverManager.getConnection(DriverManager.java:228)
	at MesajDb.<init>(MesajDb.java:30)
	at SunucuThread.<init>(SunucuThread.java:28)
	at Sunucu.main(Sunucu.java:70)
Caused by: com.mysql.cj.exceptions.CJCommunicationsException: Communications link failure

The last packet sent successfully to the server was 0 milliseconds ago. The driver has not received any packets from the server.
	at java.base/jdk.internal.reflect.NativeConstructorAccessorImpl.newInstance0(Native Method)
	at java.base/jdk.internal.reflect.NativeConstructorAccessorImpl.newInstance(NativeConstructorAccessorImpl.java:62)
	at java.base/jdk.internal.reflect.DelegatingConstructorAccessorImpl.newInstance(DelegatingConstructorAccessorImpl.java:45)
	at java.base/java.lang.reflect.Constructor.newInstance(Constructor.java:490)
	at com.mysql.cj.exceptions.ExceptionFactory.createException(ExceptionFactory.java:61)
	at com.mysql.cj.exceptions.ExceptionFactory.createException(ExceptionFactory.java:105)
	at com.mysql.cj.exceptions.ExceptionFactory.createException(ExceptionFactory.java:151)
	at com.mysql.cj.exceptions.ExceptionFactory.createCommunicationsException(ExceptionFactory.java:167)
	at com.mysql.cj.protocol.a.NativeSocketConnection.connect(NativeSocketConnection.java:91)
	at com.mysql.cj.NativeSession.connect(NativeSession.java:144)
	at com.mysql.cj.jdbc.ConnectionImpl.connectOneTryOnly(ConnectionImpl.java:956)
	at com.mysql.cj.jdbc.ConnectionImpl.createNewIO(ConnectionImpl.java:826)
	... 8 more
Caused by: java.net.ConnectException: Connection refused: connect
	at java.base/java.net.PlainSocketImpl.connect0(Native Method)
	at java.base/java.net.PlainSocketImpl.socketConnect(PlainSocketImpl.java:101)
	at java.base/java.net.AbstractPlainSocketImpl.doConnect(AbstractPlainSocketImpl.java:399)
	at java.base/java.net.AbstractPlainSocketImpl.connectToAddress(AbstractPlainSocketImpl.java:242)
	at java.base/java.net.AbstractPlainSocketImpl.connect(AbstractPlainSocketImpl.java:224)
	at java.base/java.net.SocksSocketImpl.connect(SocksSocketImpl.java:403)
	at java.base/java.net.Socket.connect(Socket.java:609)
	at com.mysql.cj.protocol.StandardSocketFactory.connect(StandardSocketFactory.java:155)
	at com.mysql.cj.protocol.a.NativeSocketConnection.connect(NativeSocketConnection.java:65)
	... 11 more
